# JRE version: OpenJDK Runtime Environment (8.0_322-b06) (build 1.8.0_322-b06)
# Java VM: OpenJDK 64-Bit Server VM (25.322-b06 mixed mode windows-amd64 compressed oops)
Heap:
 PSYoungGen      total 266240K, used 214902K [0x000000076b380000, 0x000000077dd80000, 0x00000007c0000000)
  eden space 240640K, 78% used [0x000000076b380000,0x0000000776c5ed40,0x0000000779e80000)
  from space 25600K, 99% used [0x000000077a680000,0x000000077bf7ed50,0x000000077bf80000)
  to   space 30720K, 0% used [0x000000077bf80000,0x000000077bf80000,0x000000077dd80000)
 ParOldGen       total 132608K, used 35560K [0x00000006c1a00000, 0x00000006c9b80000, 0x000000076b380000)
  object space 132608K, 26% used [0x00000006c1a00000,0x00000006c3cba188,0x00000006c9b80000)
 Metaspace       used 31246K, capacity 32242K, committed 32384K, reserved 1077248K
  class space    used 3547K, capacity 3861K, committed 3968K, reserved 1048576K
GC Heap History (10 events):
Event: 25.554 GC heap before
{Heap before GC invocations=4 (full 0):
 PSYoungGen      total 76288K, used 76272K [0x000000076b380000, 0x0000000774880000, 0x00000007c0000000)
  eden space 65536K, 100% used [0x000000076b380000,0x000000076f380000,0x000000076f380000)
  from space 10752K, 99% used [0x000000076f380000,0x000000076fdfc050,0x000000076fe00000)
  to   space 10752K, 0% used [0x0000000773e00000,0x0000000773e00000,0x0000000774880000)
 ParOldGen       total 175104K, used 5079K [0x00000006c1a00000, 0x00000006cc500000, 0x000000076b380000)
  object space 175104K, 2% used [0x00000006c1a00000,0x00000006c1ef5fc0,0x00000006cc500000)
 Metaspace       used 16988K, capacity 17340K, committed 17664K, reserved 1064960K
  class space    used 1930K, capacity 2019K, committed 2048K, reserved 1048576K
Event: 25.613 GC heap after
Heap after GC invocations=4 (full 0):
 PSYoungGen      total 141824K, used 10720K [0x000000076b380000, 0x0000000774880000, 0x00000007c0000000)
  eden space 131072K, 0% used [0x000000076b380000,0x000000076b380000,0x0000000773380000)
  from space 10752K, 99% used [0x0000000773e00000,0x0000000774878040,0x0000000774880000)
  to   space 10752K, 0% used [0x0000000773380000,0x0000000773380000,0x0000000773e00000)
 ParOldGen       total 175104K, used 8263K [0x00000006c1a00000, 0x00000006cc500000, 0x000000076b380000)
  object space 175104K, 4% used [0x00000006c1a00000,0x00000006c2211eb8,0x00000006cc500000)
 Metaspace       used 16988K, capacity 17340K, committed 17664K, reserved 1064960K
  class space    used 1930K, capacity 2019K, committed 2048K, reserved 1048576K
}
Event: 38.688 GC heap before
{Heap before GC invocations=5 (full 0):
 PSYoungGen      total 141824K, used 98999K [0x000000076b380000, 0x0000000774880000, 0x00000007c0000000)
  eden space 131072K, 67% used [0x000000076b380000,0x00000007709b5da0,0x0000000773380000)
  from space 10752K, 99% used [0x0000000773e00000,0x0000000774878040,0x0000000774880000)
  to   space 10752K, 0% used [0x0000000773380000,0x0000000773380000,0x0000000773e00000)
 ParOldGen       total 175104K, used 8263K [0x00000006c1a00000, 0x00000006cc500000, 0x000000076b380000)
  object space 175104K, 4% used [0x00000006c1a00000,0x00000006c2211eb8,0x00000006cc500000)
 Metaspace       used 20629K, capacity 21124K, committed 21248K, reserved 1069056K
  class space    used 2374K, capacity 2535K, committed 2560K, reserved 1048576K
Event: 39.083 GC heap after
Heap after GC invocations=5 (full 0):
 PSYoungGen      total 141824K, used 10736K [0x000000076b380000, 0x000000077d880000, 0x00000007c0000000)
  eden space 131072K, 0% used [0x000000076b380000,0x000000076b380000,0x0000000773380000)
  from space 10752K, 99% used [0x0000000773380000,0x0000000773dfc050,0x0000000773e00000)
  to   space 18944K, 0% used [0x000000077c600000,0x000000077c600000,0x000000077d880000)
 ParOldGen       total 175104K, used 14051K [0x00000006c1a00000, 0x00000006cc500000, 0x000000076b380000)
  object space 175104K, 8% used [0x00000006c1a00000,0x00000006c27b8d38,0x00000006cc500000)
 Metaspace       used 20629K, capacity 21124K, committed 21248K, reserved 1069056K
  class space    used 2374K, capacity 2535K, committed 2560K, reserved 1048576K
}
Event: 39.083 GC heap before
{Heap before GC invocations=6 (full 1):
 PSYoungGen      total 141824K, used 10736K [0x000000076b380000, 0x000000077d880000, 0x00000007c0000000)
  eden space 131072K, 0% used [0x000000076b380000,0x000000076b380000,0x0000000773380000)
  from space 10752K, 99% used [0x0000000773380000,0x0000000773dfc050,0x0000000773e00000)
  to   space 18944K, 0% used [0x000000077c600000,0x000000077c600000,0x000000077d880000)
 ParOldGen       total 175104K, used 14051K [0x00000006c1a00000, 0x00000006cc500000, 0x000000076b380000)
  object space 175104K, 8% used [0x00000006c1a00000,0x00000006c27b8d38,0x00000006cc500000)
 Metaspace       used 20629K, capacity 21124K, committed 21248K, reserved 1069056K
  class space    used 2374K, capacity 2535K, committed 2560K, reserved 1048576K
Event: 40.072 GC heap after
Heap after GC invocations=6 (full 1):
 PSYoungGen      total 141824K, used 0K [0x000000076b380000, 0x000000077d880000, 0x00000007c0000000)
  eden space 131072K, 0% used [0x000000076b380000,0x000000076b380000,0x0000000773380000)
  from space 10752K, 0% used [0x0000000773380000,0x0000000773380000,0x0000000773e00000)
  to   space 18944K, 0% used [0x000000077c600000,0x000000077c600000,0x000000077d880000)
 ParOldGen       total 132608K, used 22564K [0x00000006c1a00000, 0x00000006c9b80000, 0x000000076b380000)
  object space 132608K, 17% used [0x00000006c1a00000,0x00000006c3009278,0x00000006c9b80000)
 Metaspace       used 20629K, capacity 21124K, committed 21248K, reserved 1069056K
  class space    used 2374K, capacity 2535K, committed 2560K, reserved 1048576K
}
Event: 52.782 GC heap before
{Heap before GC invocations=7 (full 1):
 PSYoungGen      total 141824K, used 131072K [0x000000076b380000, 0x000000077d880000, 0x00000007c0000000)
  eden space 131072K, 100% used [0x000000076b380000,0x0000000773380000,0x0000000773380000)
  from space 10752K, 0% used [0x0000000773380000,0x0000000773380000,0x0000000773e00000)
  to   space 18944K, 0% used [0x000000077c600000,0x000000077c600000,0x000000077d880000)
 ParOldGen       total 132608K, used 22564K [0x00000006c1a00000, 0x00000006c9b80000, 0x000000076b380000)
  object space 132608K, 17% used [0x00000006c1a00000,0x00000006c3009278,0x00000006c9b80000)
 Metaspace       used 25098K, capacity 25774K, committed 25856K, reserved 1073152K
  class space    used 2859K, capacity 3060K, committed 3072K, reserved 1048576K
Event: 52.813 GC heap after
Heap after GC invocations=7 (full 1):
 PSYoungGen      total 199168K, used 18932K [0x000000076b380000, 0x000000077d880000, 0x00000007c0000000)
  eden space 180224K, 0% used [0x000000076b380000,0x000000076b380000,0x0000000776380000)
  from space 18944K, 99% used [0x000000077c600000,0x000000077d87d1f0,0x000000077d880000)
  to   space 25600K, 0% used [0x000000077a680000,0x000000077a680000,0x000000077bf80000)
 ParOldGen       total 132608K, used 29661K [0x00000006c1a00000, 0x00000006c9b80000, 0x000000076b380000)
  object space 132608K, 22% used [0x00000006c1a00000,0x00000006c36f74f8,0x00000006c9b80000)
 Metaspace       used 25098K, capacity 25774K, committed 25856K, reserved 1073152K
  class space    used 2859K, capacity 3060K, committed 3072K, reserved 1048576K
}
Event: 63.865 GC heap before
{Heap before GC invocations=8 (full 1):
 PSYoungGen      total 199168K, used 199156K [0x000000076b380000, 0x000000077d880000, 0x00000007c0000000)
  eden space 180224K, 100% used [0x000000076b380000,0x0000000776380000,0x0000000776380000)
  from space 18944K, 99% used [0x000000077c600000,0x000000077d87d1f0,0x000000077d880000)
  to   space 25600K, 0% used [0x000000077a680000,0x000000077a680000,0x000000077bf80000)
 ParOldGen       total 132608K, used 29661K [0x00000006c1a00000, 0x00000006c9b80000, 0x000000076b380000)
  object space 132608K, 22% used [0x00000006c1a00000,0x00000006c36f74f8,0x00000006c9b80000)
 Metaspace       used 26595K, capacity 27358K, committed 27648K, reserved 1073152K
  class space    used 3017K, capacity 3219K, committed 3328K, reserved 1048576K
Event: 63.930 GC heap after
Heap after GC invocations=8 (full 1):
 PSYoungGen      total 266240K, used 25595K [0x000000076b380000, 0x000000077dd80000, 0x00000007c0000000)
  eden space 240640K, 0% used [0x000000076b380000,0x000000076b380000,0x0000000779e80000)
  from space 25600K, 99% used [0x000000077a680000,0x000000077bf7ed50,0x000000077bf80000)
  to   space 30720K, 0% used [0x000000077bf80000,0x000000077bf80000,0x000000077dd80000)
 ParOldGen       total 132608K, used 35560K [0x00000006c1a00000, 0x00000006c9b80000, 0x000000076b380000)
  object space 132608K, 26% used [0x00000006c1a00000,0x00000006c3cba188,0x00000006c9b80000)
 Metaspace       used 26595K, capacity 27358K, committed 27648K, reserved 1073152K
  class space    used 3017K, capacity 3219K, committed 3328K, reserved 1048576K
}

