# JRE version: OpenJDK Runtime Environment (8.0_322-b06) (build 1.8.0_322-b06)
# Java VM: OpenJDK 64-Bit Server VM (25.322-b06 mixed mode windows-amd64 compressed oops)
Heap:
 PSYoungGen      total 81408K, used 42396K [0x000000076b380000, 0x0000000771c80000, 0x00000007c0000000)
  eden space 58368K, 38% used [0x000000076b380000,0x000000076c9614a8,0x000000076ec80000)
  from space 23040K, 86% used [0x000000076ed80000,0x0000000770105e98,0x0000000770400000)
  to   space 24576K, 0% used [0x0000000770480000,0x0000000770480000,0x0000000771c80000)
 ParOldGen       total 91648K, used 25172K [0x00000006c1a00000, 0x00000006c7380000, 0x000000076b380000)
  object space 91648K, 27% used [0x00000006c1a00000,0x00000006c3295068,0x00000006c7380000)
 Metaspace       used 25903K, capacity 26556K, committed 26800K, reserved 1073152K
  class space    used 3039K, capacity 3228K, committed 3248K, reserved 1048576K
GC Heap History (10 events):
Event: 44.199 GC heap before
{Heap before GC invocations=4 (full 0):
 PSYoungGen      total 76288K, used 76272K [0x000000076b380000, 0x0000000770880000, 0x00000007c0000000)
  eden space 65536K, 100% used [0x000000076b380000,0x000000076f380000,0x000000076f380000)
  from space 10752K, 99% used [0x000000076f380000,0x000000076fdfc010,0x000000076fe00000)
  to   space 10752K, 0% used [0x000000076fe00000,0x000000076fe00000,0x0000000770880000)
 ParOldGen       total 175104K, used 4152K [0x00000006c1a00000, 0x00000006cc500000, 0x000000076b380000)
  object space 175104K, 2% used [0x00000006c1a00000,0x00000006c1e0e348,0x00000006cc500000)
 Metaspace       used 17442K, capacity 17932K, committed 18048K, reserved 1064960K
  class space    used 2008K, capacity 2127K, committed 2176K, reserved 1048576K
Event: 44.240 GC heap after
Heap after GC invocations=4 (full 0):
 PSYoungGen      total 76288K, used 10720K [0x000000076b380000, 0x0000000770880000, 0x00000007c0000000)
  eden space 65536K, 0% used [0x000000076b380000,0x000000076b380000,0x000000076f380000)
  from space 10752K, 99% used [0x000000076fe00000,0x0000000770878060,0x0000000770880000)
  to   space 10752K, 0% used [0x000000076f380000,0x000000076f380000,0x000000076fe00000)
 ParOldGen       total 175104K, used 8870K [0x00000006c1a00000, 0x00000006cc500000, 0x000000076b380000)
  object space 175104K, 5% used [0x00000006c1a00000,0x00000006c22a99d0,0x00000006cc500000)
 Metaspace       used 17442K, capacity 17932K, committed 18048K, reserved 1064960K
  class space    used 2008K, capacity 2127K, committed 2176K, reserved 1048576K
}
Event: 50.408 GC heap before
{Heap before GC invocations=5 (full 0):
 PSYoungGen      total 76288K, used 68095K [0x000000076b380000, 0x0000000770880000, 0x00000007c0000000)
  eden space 65536K, 87% used [0x000000076b380000,0x000000076eb87c90,0x000000076f380000)
  from space 10752K, 99% used [0x000000076fe00000,0x0000000770878060,0x0000000770880000)
  to   space 10752K, 0% used [0x000000076f380000,0x000000076f380000,0x000000076fe00000)
 ParOldGen       total 175104K, used 8870K [0x00000006c1a00000, 0x00000006cc500000, 0x000000076b380000)
  object space 175104K, 5% used [0x00000006c1a00000,0x00000006c22a99d0,0x00000006cc500000)
 Metaspace       used 20695K, capacity 21236K, committed 21296K, reserved 1069056K
  class space    used 2395K, capacity 2569K, committed 2608K, reserved 1048576K
Event: 50.422 GC heap after
Heap after GC invocations=5 (full 0):
 PSYoungGen      total 74752K, used 10724K [0x000000076b380000, 0x0000000771600000, 0x00000007c0000000)
  eden space 64000K, 0% used [0x000000076b380000,0x000000076b380000,0x000000076f200000)
  from space 10752K, 99% used [0x000000076f380000,0x000000076fdf9070,0x000000076fe00000)
  to   space 18432K, 0% used [0x0000000770400000,0x0000000770400000,0x0000000771600000)
 ParOldGen       total 175104K, used 12779K [0x00000006c1a00000, 0x00000006cc500000, 0x000000076b380000)
  object space 175104K, 7% used [0x00000006c1a00000,0x00000006c267ae28,0x00000006cc500000)
 Metaspace       used 20695K, capacity 21236K, committed 21296K, reserved 1069056K
  class space    used 2395K, capacity 2569K, committed 2608K, reserved 1048576K
}
Event: 50.422 GC heap before
{Heap before GC invocations=6 (full 1):
 PSYoungGen      total 74752K, used 10724K [0x000000076b380000, 0x0000000771600000, 0x00000007c0000000)
  eden space 64000K, 0% used [0x000000076b380000,0x000000076b380000,0x000000076f200000)
  from space 10752K, 99% used [0x000000076f380000,0x000000076fdf9070,0x000000076fe00000)
  to   space 18432K, 0% used [0x0000000770400000,0x0000000770400000,0x0000000771600000)
 ParOldGen       total 175104K, used 12779K [0x00000006c1a00000, 0x00000006cc500000, 0x000000076b380000)
  object space 175104K, 7% used [0x00000006c1a00000,0x00000006c267ae28,0x00000006cc500000)
 Metaspace       used 20695K, capacity 21236K, committed 21296K, reserved 1069056K
  class space    used 2395K, capacity 2569K, committed 2608K, reserved 1048576K
Event: 50.607 GC heap after
Heap after GC invocations=6 (full 1):
 PSYoungGen      total 74752K, used 0K [0x000000076b380000, 0x0000000771600000, 0x00000007c0000000)
  eden space 64000K, 0% used [0x000000076b380000,0x000000076b380000,0x000000076f200000)
  from space 10752K, 0% used [0x000000076f380000,0x000000076f380000,0x000000076fe00000)
  to   space 18432K, 0% used [0x0000000770400000,0x0000000770400000,0x0000000771600000)
 ParOldGen       total 91648K, used 21254K [0x00000006c1a00000, 0x00000006c7380000, 0x000000076b380000)
  object space 91648K, 23% used [0x00000006c1a00000,0x00000006c2ec1890,0x00000006c7380000)
 Metaspace       used 20695K, capacity 21236K, committed 21296K, reserved 1069056K
  class space    used 2395K, capacity 2569K, committed 2608K, reserved 1048576K
}
Event: 54.649 GC heap before
{Heap before GC invocations=7 (full 1):
 PSYoungGen      total 74752K, used 64000K [0x000000076b380000, 0x0000000771600000, 0x00000007c0000000)
  eden space 64000K, 100% used [0x000000076b380000,0x000000076f200000,0x000000076f200000)
  from space 10752K, 0% used [0x000000076f380000,0x000000076f380000,0x000000076fe00000)
  to   space 18432K, 0% used [0x0000000770400000,0x0000000770400000,0x0000000771600000)
 ParOldGen       total 91648K, used 21254K [0x00000006c1a00000, 0x00000006c7380000, 0x000000076b380000)
  object space 91648K, 23% used [0x00000006c1a00000,0x00000006c2ec1890,0x00000006c7380000)
 Metaspace       used 23545K, capacity 24058K, committed 24240K, reserved 1071104K
  class space    used 2736K, capacity 2890K, committed 2992K, reserved 1048576K
Event: 54.690 GC heap after
Heap after GC invocations=7 (full 1):
 PSYoungGen      total 77824K, used 18423K [0x000000076b380000, 0x0000000771d80000, 0x00000007c0000000)
  eden space 59392K, 0% used [0x000000076b380000,0x000000076b380000,0x000000076ed80000)
  from space 18432K, 99% used [0x0000000770400000,0x00000007715fde60,0x0000000771600000)
  to   space 23040K, 0% used [0x000000076ed80000,0x000000076ed80000,0x0000000770400000)
 ParOldGen       total 91648K, used 25172K [0x00000006c1a00000, 0x00000006c7380000, 0x000000076b380000)
  object space 91648K, 27% used [0x00000006c1a00000,0x00000006c3295068,0x00000006c7380000)
 Metaspace       used 23545K, capacity 24058K, committed 24240K, reserved 1071104K
  class space    used 2736K, capacity 2890K, committed 2992K, reserved 1048576K
}
Event: 61.718 GC heap before
{Heap before GC invocations=8 (full 1):
 PSYoungGen      total 77824K, used 77331K [0x000000076b380000, 0x0000000771d80000, 0x00000007c0000000)
  eden space 59392K, 99% used [0x000000076b380000,0x000000076ed06ef0,0x000000076ed80000)
  from space 18432K, 99% used [0x0000000770400000,0x00000007715fde60,0x0000000771600000)
  to   space 23040K, 0% used [0x000000076ed80000,0x000000076ed80000,0x0000000770400000)
 ParOldGen       total 91648K, used 25172K [0x00000006c1a00000, 0x00000006c7380000, 0x000000076b380000)
  object space 91648K, 27% used [0x00000006c1a00000,0x00000006c3295068,0x00000006c7380000)
 Metaspace       used 25610K, capacity 26268K, committed 26544K, reserved 1073152K
  class space    used 3004K, capacity 3196K, committed 3248K, reserved 1048576K
Event: 61.758 GC heap after
Heap after GC invocations=8 (full 1):
 PSYoungGen      total 81408K, used 19991K [0x000000076b380000, 0x0000000771c80000, 0x00000007c0000000)
  eden space 58368K, 0% used [0x000000076b380000,0x000000076b380000,0x000000076ec80000)
  from space 23040K, 86% used [0x000000076ed80000,0x0000000770105e98,0x0000000770400000)
  to   space 24576K, 0% used [0x0000000770480000,0x0000000770480000,0x0000000771c80000)
 ParOldGen       total 91648K, used 25172K [0x00000006c1a00000, 0x00000006c7380000, 0x000000076b380000)
  object space 91648K, 27% used [0x00000006c1a00000,0x00000006c3295068,0x00000006c7380000)
 Metaspace       used 25610K, capacity 26268K, committed 26544K, reserved 1073152K
  class space    used 3004K, capacity 3196K, committed 3248K, reserved 1048576K
}

